<?xml version="1.0" encoding="UTF-8"?>
<robot generator="Robot 4.1.1 (Python 3.9.1 on win32)" generated="20210922 16:11:56.828" rpa="false" schemaversion="2">
<suite id="s1" name="Pdf Suite" source="G:\rpa\RpaFrameworkSuite\pdf_suite.robot">
<test id="s1-t1" name="TC3">
<kw name="Get Dictionary Keys" library="Collections">
<var>${keys}</var>
<arg>${dic}</arg>
<doc>Returns keys of the given ``dictionary`` as a list.</doc>
<msg timestamp="20210922 16:11:56.960" level="INFO">${keys} = ['a', 'b', 'c']</msg>
<status status="PASS" starttime="20210922 16:11:56.959" endtime="20210922 16:11:56.960"/>
</kw>
<for flavor="IN">
<var>${key}</var>
<value>@{keys}</value>
<iter>
<var name="${key}">a</var>
<kw name="Log To Console" library="BuiltIn">
<arg>${dic}[${key}]</arg>
<doc>Logs the given message to the console.</doc>
<status status="PASS" starttime="20210922 16:11:56.960" endtime="20210922 16:11:56.960"/>
</kw>
<status status="PASS" starttime="20210922 16:11:56.960" endtime="20210922 16:11:56.960"/>
</iter>
<iter>
<var name="${key}">b</var>
<kw name="Log To Console" library="BuiltIn">
<arg>${dic}[${key}]</arg>
<doc>Logs the given message to the console.</doc>
<status status="PASS" starttime="20210922 16:11:56.960" endtime="20210922 16:11:56.961"/>
</kw>
<status status="PASS" starttime="20210922 16:11:56.960" endtime="20210922 16:11:56.961"/>
</iter>
<iter>
<var name="${key}">c</var>
<kw name="Log To Console" library="BuiltIn">
<arg>${dic}[${key}]</arg>
<doc>Logs the given message to the console.</doc>
<status status="PASS" starttime="20210922 16:11:56.961" endtime="20210922 16:11:56.961"/>
</kw>
<status status="PASS" starttime="20210922 16:11:56.961" endtime="20210922 16:11:56.961"/>
</iter>
<status status="PASS" starttime="20210922 16:11:56.960" endtime="20210922 16:11:56.961"/>
</for>
<kw name="Log Dictionary" library="Collections">
<arg>${dic}</arg>
<doc>Logs the size and contents of the ``dictionary`` using given ``level``.</doc>
<msg timestamp="20210922 16:11:56.962" level="INFO">Dictionary size is 3 and it contains following items:
a: 111
b: 222
c: 333</msg>
<status status="PASS" starttime="20210922 16:11:56.962" endtime="20210922 16:11:56.962"/>
</kw>
<status status="PASS" starttime="20210922 16:11:56.959" endtime="20210922 16:11:56.962"/>
</test>
<status status="PASS" starttime="20210922 16:11:56.829" endtime="20210922 16:11:56.963"/>
</suite>
<statistics>
<total>
<stat pass="1" fail="0" skip="0">All Tests</stat>
</total>
<tag>
</tag>
<suite>
<stat pass="1" fail="0" skip="0" id="s1" name="Pdf Suite">Pdf Suite</stat>
</suite>
</statistics>
<errors>
</errors>
</robot>
